<?xml version="1.0" encoding="UTF-8"?>
<!-- Generated by org.testng.reporters.JUnitReportReporter -->
<testsuite hostname="LP-HBT10Z2" failures="0" tests="1" name="WebDriver.Priority" time="0.001" errors="0" timestamp="2022-11-29T11:32:56 IST" skipped="0">
  <testcase classname="WebDriver.Priority" name="login" time="0.001"/>
  <system-out/>
</testsuite> <!-- WebDriver.Priority -->
