<?xml version="1.0" encoding="UTF-8"?>
<!-- Generated by org.testng.reporters.JUnitReportReporter -->
<testsuite hostname="LP-HBT10Z2" failures="0" tests="1" name="WebDriver.Alerts" time="40.778" errors="0" timestamp="2022-12-12T12:09:05 IST" skipped="0">
  <testcase classname="WebDriver.Alerts" name="a1" time="40.778"/>
  <system-out/>
</testsuite> <!-- WebDriver.Alerts -->
