<?xml version="1.0" encoding="UTF-8"?>
<!-- Generated by org.testng.reporters.JUnitReportReporter -->
<testsuite hostname="LP-HBT10Z2" failures="0" tests="1" name="WebDriver.DragAndDrop" time="19.364" errors="0" timestamp="2022-12-08T15:14:18 IST" skipped="0">
  <testcase classname="WebDriver.DragAndDrop" name="fast" time="19.364"/>
  <system-out/>
</testsuite> <!-- WebDriver.DragAndDrop -->
