<?xml version="1.0" encoding="UTF-8"?>
<!-- Generated by org.testng.reporters.JUnitReportReporter -->
<testsuite hostname="LP-HBT10Z2" failures="0" tests="1" name="WebDriver.ListOf" time="23.364" errors="0" timestamp="2022-12-10T12:28:21 IST" skipped="0">
  <testcase classname="WebDriver.ListOf" name="f" time="23.364"/>
  <system-out/>
</testsuite> <!-- WebDriver.ListOf -->
