<?xml version="1.0" encoding="UTF-8"?>
<!-- Generated by org.testng.reporters.JUnitReportReporter -->
<testsuite hostname="LP-HBT10Z2" failures="0" tests="1" name="WebDriver.Upload" time="37.836" errors="0" timestamp="2022-12-12T12:24:37 IST" skipped="0">
  <testcase classname="WebDriver.Upload" name="upload" time="37.836"/>
  <system-out/>
</testsuite> <!-- WebDriver.Upload -->
