<?xml version="1.0" encoding="UTF-8"?>
<!-- Generated by org.testng.reporters.JUnitReportReporter -->
<testsuite hostname="LP-HBT10Z2" failures="0" tests="1" name="WebDriver.Buttons" time="70.850" errors="0" timestamp="2022-12-06T11:41:16 IST" skipped="0">
  <testcase classname="WebDriver.Buttons" name="fox1" time="70.850"/>
  <system-out/>
</testsuite> <!-- WebDriver.Buttons -->
