<?xml version="1.0" encoding="UTF-8"?>
<!-- Generated by org.testng.reporters.JUnitReportReporter -->
<testsuite hostname="LP-HBT10Z2" failures="0" tests="1" name="WebDriver.RadioButton" time="19.434" errors="0" timestamp="2022-12-06T17:23:51 IST" skipped="0">
  <testcase classname="WebDriver.RadioButton" name="fox4" time="19.434"/>
  <system-out/>
</testsuite> <!-- WebDriver.RadioButton -->
