<?xml version="1.0" encoding="UTF-8"?>
<!-- Generated by org.testng.reporters.JUnitReportReporter -->
<testsuite hostname="LP-HBT10Z2" failures="0" tests="1" name="WebDriver.TextBox" time="57.359" errors="0" timestamp="2022-12-06T12:49:33 IST" skipped="0">
  <testcase classname="WebDriver.TextBox" name="fox1" time="57.359"/>
  <system-out/>
</testsuite> <!-- WebDriver.TextBox -->
