<?xml version="1.0" encoding="UTF-8"?>
<!-- Generated by org.testng.reporters.JUnitReportReporter -->
<testsuite hostname="LP-HBT10Z2" failures="0" tests="1" name="WebDriver.Hyperlink" time="65.315" errors="0" timestamp="2022-12-10T11:37:25 IST" skipped="0">
  <testcase classname="WebDriver.Hyperlink" name="fox3" time="65.315"/>
  <system-out/>
</testsuite> <!-- WebDriver.Hyperlink -->
