<?xml version="1.0" encoding="UTF-8"?>
<!-- Generated by org.testng.reporters.JUnitReportReporter -->
<testsuite hostname="LP-HBT10Z2" failures="0" tests="1" name="WebDriver.NewTest" time="0.006" errors="0" timestamp="2022-11-29T11:40:02 IST" skipped="0">
  <testcase classname="WebDriver.NewTest" name="search" time="0.006"/>
  <system-out/>
</testsuite> <!-- WebDriver.NewTest -->
