<?xml version="1.0" encoding="UTF-8"?>
<!-- Generated by org.testng.reporters.JUnitReportReporter -->
<testsuite hostname="LP-HBT10Z2" failures="0" tests="1" name="WebDriver.DropDowns" time="33.869" errors="0" timestamp="2022-12-06T16:26:03 IST" skipped="0">
  <testcase classname="WebDriver.DropDowns" name="fox4" time="33.869"/>
  <system-out/>
</testsuite> <!-- WebDriver.DropDowns -->
